2025-12-15T17:00:54.190299800 [info] 已加载 2 个jar
2025-12-15T17:01:04.185668900 [code] 收到回复，准备处理。长度=202
2025-12-15T17:01:04.186668800 [code] 任务已提交到codeExecutor
2025-12-15T17:01:04.186668800 [code] before handleCodeResponse
2025-12-15T17:07:32.221945400 [info] 已加载 2 个jar
2025-12-15T17:07:48.700853400 [code] 收到回复，准备处理。长度=202
2025-12-15T17:07:48.700853400 [code] before handleCodeResponse (同步执行调试)
2025-12-15T17:07:48.701854 [code] handleCodeResponse 异常: Unresolved compilation problems: 
	Local variable className is required to be final or effectively final based on its usage
	Local variable className defined in an enclosing scope must be final or effectively final
	Local variable className defined in an enclosing scope must be final or effectively final

2025-12-15T17:07:48.702854300 java.lang.Error: Unresolved compilation problems: 
	Local variable className is required to be final or effectively final based on its usage
	Local variable className defined in an enclosing scope must be final or effectively final
	Local variable className defined in an enclosing scope must be final or effectively final

	at edu.study@1.0-SNAPSHOT/edu.study.ui.SmartTaskWidget.handleCodeResponse(SmartTaskWidget.java:896)
	at edu.study@1.0-SNAPSHOT/edu.study.ui.SmartTaskWidget.lambda$28(SmartTaskWidget.java:792)
	at javafx.graphics/com.sun.javafx.application.PlatformImpl.lambda$runLater$10(PlatformImpl.java:457)
	at java.base/java.security.AccessController.doPrivileged(AccessController.java:399)
	at javafx.graphics/com.sun.javafx.application.PlatformImpl.lambda$runLater$11(PlatformImpl.java:456)
	at javafx.graphics/com.sun.glass.ui.InvokeLaterDispatcher$Future.run(InvokeLaterDispatcher.java:96)
	at javafx.graphics/com.sun.glass.ui.win.WinApplication._runLoop(Native Method)
	at javafx.graphics/com.sun.glass.ui.win.WinApplication.lambda$runLoop$3(WinApplication.java:184)
	at java.base/java.lang.Thread.run(Thread.java:842)

2025-12-15T17:10:38.129987800 [info] 已加载 2 个jar
2025-12-15T17:10:40.334392800 [code] 收到回复，准备处理。长度=202
2025-12-15T17:10:40.334392800 [code] before handleCodeResponse (同步执行调试)
2025-12-15T17:10:40.335393 
IN

2025-12-15T17:10:40.335393 [code] handleCodeResponse start
2025-12-15T17:10:40.335393 [code-file] entered handleCodeResponse thread=JavaFX Application Thread
2025-12-15T17:10:40.336392700 [code] body preview: PrintNumbers.java ```java public class PrintNumbers { public static void mai
2025-12-15T17:10:40.338392500 [code] 写入源码: PrintNumbers.java
2025-12-15T17:10:40.757478200 [code] 编译成功: PrintNumbers.java
2025-12-15T17:10:40.999459800 [code] handleCodeResponse end
2025-12-15T17:10:41.050971400 [code] 生成完成: PrintNumbers.jar
2025-12-15T17:10:41.051970800 [info] 已加载 3 个jar
2025-12-15T17:10:45.959711200 [run] java -jar PrintNumbers.jar
2025-12-15T17:10:45.961720200 [start] PrintNumbers.jar
2025-12-15T17:10:46.096673500 1
2025-12-15T17:10:46.097673800 2
2025-12-15T17:10:46.098675100 3
2025-12-15T17:10:46.098675100 4
2025-12-15T17:10:46.099674900 5
2025-12-15T17:10:46.101673400 6
2025-12-15T17:10:46.101673400 7
2025-12-15T17:10:46.102674100 8
2025-12-15T17:10:46.102674100 9
2025-12-15T17:10:46.103673800 10
2025-12-15T17:10:46.104674900 11
2025-12-15T17:10:46.104674900 12
2025-12-15T17:10:46.105674800 13
2025-12-15T17:10:46.105674800 14
2025-12-15T17:10:46.106676100 15
2025-12-15T17:10:46.106676100 16
2025-12-15T17:10:46.107674900 17
2025-12-15T17:10:46.107674900 18
2025-12-15T17:10:46.108684300 19
2025-12-15T17:10:46.108684300 20
2025-12-15T17:10:46.109673800 21
2025-12-15T17:10:46.110674200 22
2025-12-15T17:10:46.110674200 23
2025-12-15T17:10:46.111675200 24
2025-12-15T17:10:46.111675200 25
2025-12-15T17:10:46.111675200 26
2025-12-15T17:10:46.112674700 27
2025-12-15T17:10:46.112674700 28
2025-12-15T17:10:46.113674700 29
2025-12-15T17:10:46.113674700 30
2025-12-15T17:10:46.114674600 31
2025-12-15T17:10:46.114674600 32
2025-12-15T17:10:46.115673500 33
2025-12-15T17:10:46.115673500 34
2025-12-15T17:10:46.116674200 35
2025-12-15T17:10:46.117674400 36
2025-12-15T17:10:46.117674400 37
2025-12-15T17:10:46.118674 38
2025-12-15T17:10:46.118674 39
2025-12-15T17:10:46.118674 40
2025-12-15T17:10:46.119673600 41
2025-12-15T17:10:46.119673600 42
2025-12-15T17:10:46.120673600 43
2025-12-15T17:10:46.120673600 44
2025-12-15T17:10:46.122673200 45
2025-12-15T17:10:46.122673200 46
2025-12-15T17:10:46.123674200 47
2025-12-15T17:10:46.123674200 48
2025-12-15T17:10:46.123674200 49
2025-12-15T17:10:46.124673900 50
2025-12-15T17:10:46.124673900 51
2025-12-15T17:10:46.125676200 52
2025-12-15T17:10:46.125676200 53
2025-12-15T17:10:46.125676200 54
2025-12-15T17:10:46.126674400 55
2025-12-15T17:10:46.127674200 56
2025-12-15T17:10:46.127674200 57
2025-12-15T17:10:46.127674200 58
2025-12-15T17:10:46.128673900 59
2025-12-15T17:10:46.128673900 60
2025-12-15T17:10:46.129672500 61
2025-12-15T17:10:46.129672500 62
2025-12-15T17:10:46.129672500 63
2025-12-15T17:10:46.130673900 64
2025-12-15T17:10:46.131248500 65
2025-12-15T17:10:46.132253800 66
2025-12-15T17:10:46.133253200 67
2025-12-15T17:10:46.133253200 68
2025-12-15T17:10:46.134253100 69
2025-12-15T17:10:46.134253100 70
2025-12-15T17:10:46.135253400 71
2025-12-15T17:10:46.135253400 72
2025-12-15T17:10:46.138384800 73
2025-12-15T17:10:46.139261900 74
2025-12-15T17:10:46.139261900 75
2025-12-15T17:10:46.140261200 76
2025-12-15T17:10:46.140261200 77
2025-12-15T17:10:46.141263600 78
2025-12-15T17:10:46.141263600 79
2025-12-15T17:10:46.141263600 80
2025-12-15T17:10:46.142262300 81
2025-12-15T17:10:46.142262300 82
2025-12-15T17:10:46.143261600 83
2025-12-15T17:10:46.143261600 84
2025-12-15T17:10:46.143261600 85
2025-12-15T17:10:46.144263500 86
2025-12-15T17:10:46.145261900 87
2025-12-15T17:10:46.145261900 88
2025-12-15T17:10:46.146261800 89
2025-12-15T17:10:46.146261800 90
2025-12-15T17:10:46.147261500 91
2025-12-15T17:10:46.147261500 92
2025-12-15T17:10:46.149261 93
2025-12-15T17:10:46.150262100 94
2025-12-15T17:10:46.151264600 95
2025-12-15T17:10:46.151769400 96
2025-12-15T17:10:46.151769400 97
2025-12-15T17:10:46.152774700 98
2025-12-15T17:10:46.152774700 99
2025-12-15T17:10:46.152774700 100
2025-12-15T17:10:46.166774400 [exit] PrintNumbers.jar code=0
2025-12-15T17:35:05.962827 [info] 已加载 3 个jar
2025-12-15T17:35:07.453931500 [info] 已加载 3 个jar
2025-12-15T17:35:37.986315100 [code] 收到回复，准备处理。长度=513
2025-12-15T17:35:37.987316900 [code] before handleCodeResponse (同步执行调试)
2025-12-15T17:35:37.987316900 
IN

2025-12-15T17:35:37.987316900 [code] handleCodeResponse start
2025-12-15T17:35:37.988316800 [code-file] entered handleCodeResponse thread=JavaFX Application Thread
2025-12-15T17:35:37.988316800 [code] body preview: AlarmClock.java ```java import java.util.Timer; import java.util.TimerTask; pub
2025-12-15T17:35:37.989316800 [code] 写入源码: AlarmClock.java
2025-12-15T17:35:38.461064300 [code] 编译成功: AlarmClock.java
2025-12-15T17:35:38.645586200 [code] handleCodeResponse end
2025-12-15T17:35:38.648097400 [code] 生成完成: AlarmClock.jar
2025-12-15T17:35:38.650097100 [info] 已加载 4 个jar
2025-12-15T17:35:43.256450 [run] java -jar AlarmClock.jar
2025-12-15T17:35:43.258956800 [start] AlarmClock.jar
2025-12-15T17:35:43.392534300 错误: 无法初始化主类 AlarmClock
2025-12-15T17:35:43.393528600 原因: java.lang.NoClassDefFoundError: AlarmClock$1
2025-12-15T17:35:43.459040400 [exit] AlarmClock.jar code=1
